Wed, 18 Jan 2017 14:33:43 OfficerCorrupt.py[line:55] INFO [+]parser the html
Wed, 18 Jan 2017 14:33:43 OfficerCorrupt.py[line:57] INFO [+]push queue
Wed, 18 Jan 2017 14:33:50 OfficerCorrupt.py[line:71] INFO [+]queue time: 7.25961589813(s)	error: 0
Wed, 18 Jan 2017 14:33:50 OfficerCorrupt.py[line:108] INFO [++]process: 0/114
Wed, 18 Jan 2017 14:33:50 OfficerCorrupt.py[line:108] INFO [++]process: 1/114
Wed, 18 Jan 2017 14:33:50 OfficerCorrupt.py[line:108] INFO [++]process: 2/114
Wed, 18 Jan 2017 14:33:51 OfficerCorrupt.py[line:108] INFO [++]process: 3/114
Wed, 18 Jan 2017 14:33:51 OfficerCorrupt.py[line:108] INFO [++]process: 4/114
Wed, 18 Jan 2017 14:33:51 OfficerCorrupt.py[line:108] INFO [++]process: 5/114
Wed, 18 Jan 2017 14:33:51 OfficerCorrupt.py[line:108] INFO [++]process: 6/114
Wed, 18 Jan 2017 14:33:51 OfficerCorrupt.py[line:108] INFO [++]process: 7/114
Wed, 18 Jan 2017 14:33:52 OfficerCorrupt.py[line:108] INFO [++]process: 8/114
Wed, 18 Jan 2017 14:33:52 OfficerCorrupt.py[line:108] INFO [++]process: 9/114
Wed, 18 Jan 2017 14:33:52 OfficerCorrupt.py[line:108] INFO [++]process: 10/114
Wed, 18 Jan 2017 14:33:52 OfficerCorrupt.py[line:108] INFO [++]process: 11/114
Wed, 18 Jan 2017 14:33:53 OfficerCorrupt.py[line:108] INFO [++]process: 12/114
Wed, 18 Jan 2017 14:33:53 OfficerCorrupt.py[line:108] INFO [++]process: 13/114
Wed, 18 Jan 2017 14:33:53 OfficerCorrupt.py[line:108] INFO [++]process: 14/114
Wed, 18 Jan 2017 14:33:53 OfficerCorrupt.py[line:108] INFO [++]process: 15/114
Wed, 18 Jan 2017 14:33:53 OfficerCorrupt.py[line:108] INFO [++]process: 16/114
Wed, 18 Jan 2017 14:33:54 OfficerCorrupt.py[line:108] INFO [++]process: 17/114
Wed, 18 Jan 2017 14:33:54 OfficerCorrupt.py[line:108] INFO [++]process: 18/114
Wed, 18 Jan 2017 14:33:54 OfficerCorrupt.py[line:108] INFO [++]process: 19/114
Wed, 18 Jan 2017 14:33:54 OfficerCorrupt.py[line:108] INFO [++]process: 20/114
Wed, 18 Jan 2017 14:33:54 OfficerCorrupt.py[line:108] INFO [++]process: 21/114
Wed, 18 Jan 2017 14:33:55 OfficerCorrupt.py[line:108] INFO [++]process: 22/114
Wed, 18 Jan 2017 14:33:55 OfficerCorrupt.py[line:108] INFO [++]process: 23/114
Wed, 18 Jan 2017 14:33:55 OfficerCorrupt.py[line:108] INFO [++]process: 24/114
Wed, 18 Jan 2017 14:33:56 OfficerCorrupt.py[line:108] INFO [++]process: 25/114
Wed, 18 Jan 2017 14:33:56 OfficerCorrupt.py[line:108] INFO [++]process: 26/114
Wed, 18 Jan 2017 14:33:56 OfficerCorrupt.py[line:108] INFO [++]process: 27/114
Wed, 18 Jan 2017 14:33:56 OfficerCorrupt.py[line:108] INFO [++]process: 28/114
Wed, 18 Jan 2017 14:33:56 OfficerCorrupt.py[line:108] INFO [++]process: 29/114
Wed, 18 Jan 2017 14:33:57 OfficerCorrupt.py[line:108] INFO [++]process: 30/114
Wed, 18 Jan 2017 14:33:57 OfficerCorrupt.py[line:108] INFO [++]process: 31/114
Wed, 18 Jan 2017 14:33:57 OfficerCorrupt.py[line:108] INFO [++]process: 32/114
Wed, 18 Jan 2017 14:33:57 OfficerCorrupt.py[line:108] INFO [++]process: 33/114
Wed, 18 Jan 2017 14:33:57 OfficerCorrupt.py[line:108] INFO [++]process: 34/114
Wed, 18 Jan 2017 14:33:58 OfficerCorrupt.py[line:108] INFO [++]process: 35/114
Wed, 18 Jan 2017 14:33:58 OfficerCorrupt.py[line:108] INFO [++]process: 36/114
Wed, 18 Jan 2017 14:33:58 OfficerCorrupt.py[line:108] INFO [++]process: 37/114
Wed, 18 Jan 2017 14:33:58 OfficerCorrupt.py[line:108] INFO [++]process: 38/114
Wed, 18 Jan 2017 14:33:59 OfficerCorrupt.py[line:108] INFO [++]process: 39/114
Wed, 18 Jan 2017 14:33:59 OfficerCorrupt.py[line:108] INFO [++]process: 40/114
Wed, 18 Jan 2017 14:33:59 OfficerCorrupt.py[line:108] INFO [++]process: 41/114
Wed, 18 Jan 2017 14:33:59 OfficerCorrupt.py[line:108] INFO [++]process: 42/114
Wed, 18 Jan 2017 14:33:59 OfficerCorrupt.py[line:108] INFO [++]process: 43/114
Wed, 18 Jan 2017 14:34:00 OfficerCorrupt.py[line:108] INFO [++]process: 44/114
Wed, 18 Jan 2017 14:34:00 OfficerCorrupt.py[line:108] INFO [++]process: 45/114
Wed, 18 Jan 2017 14:34:00 OfficerCorrupt.py[line:108] INFO [++]process: 46/114
Wed, 18 Jan 2017 14:34:01 OfficerCorrupt.py[line:108] INFO [++]process: 47/114
Wed, 18 Jan 2017 14:34:01 OfficerCorrupt.py[line:108] INFO [++]process: 48/114
Wed, 18 Jan 2017 14:34:01 OfficerCorrupt.py[line:108] INFO [++]process: 49/114
Wed, 18 Jan 2017 14:34:01 OfficerCorrupt.py[line:108] INFO [++]process: 50/114
Wed, 18 Jan 2017 14:34:01 OfficerCorrupt.py[line:108] INFO [++]process: 51/114
Wed, 18 Jan 2017 14:34:02 OfficerCorrupt.py[line:108] INFO [++]process: 52/114
Wed, 18 Jan 2017 14:34:02 OfficerCorrupt.py[line:108] INFO [++]process: 53/114
Wed, 18 Jan 2017 14:34:02 OfficerCorrupt.py[line:108] INFO [++]process: 54/114
Wed, 18 Jan 2017 14:34:02 OfficerCorrupt.py[line:108] INFO [++]process: 55/114
Wed, 18 Jan 2017 14:34:03 OfficerCorrupt.py[line:108] INFO [++]process: 56/114
Wed, 18 Jan 2017 14:34:03 OfficerCorrupt.py[line:108] INFO [++]process: 57/114
Wed, 18 Jan 2017 14:34:04 OfficerCorrupt.py[line:108] INFO [++]process: 58/114
Wed, 18 Jan 2017 14:34:04 OfficerCorrupt.py[line:108] INFO [++]process: 59/114
Wed, 18 Jan 2017 14:34:04 OfficerCorrupt.py[line:108] INFO [++]process: 60/114
Wed, 18 Jan 2017 14:34:04 OfficerCorrupt.py[line:108] INFO [++]process: 61/114
Wed, 18 Jan 2017 14:34:04 OfficerCorrupt.py[line:108] INFO [++]process: 62/114
Wed, 18 Jan 2017 14:34:05 OfficerCorrupt.py[line:108] INFO [++]process: 63/114
Wed, 18 Jan 2017 14:34:05 OfficerCorrupt.py[line:108] INFO [++]process: 64/114
Wed, 18 Jan 2017 14:34:05 OfficerCorrupt.py[line:108] INFO [++]process: 65/114
Wed, 18 Jan 2017 14:34:05 OfficerCorrupt.py[line:108] INFO [++]process: 66/114
Wed, 18 Jan 2017 14:34:05 OfficerCorrupt.py[line:108] INFO [++]process: 67/114
Wed, 18 Jan 2017 14:34:05 OfficerCorrupt.py[line:108] INFO [++]process: 68/114
Wed, 18 Jan 2017 14:34:06 OfficerCorrupt.py[line:108] INFO [++]process: 69/114
Wed, 18 Jan 2017 14:34:06 OfficerCorrupt.py[line:108] INFO [++]process: 70/114
Wed, 18 Jan 2017 14:34:06 OfficerCorrupt.py[line:108] INFO [++]process: 71/114
Wed, 18 Jan 2017 14:34:06 OfficerCorrupt.py[line:108] INFO [++]process: 72/114
Wed, 18 Jan 2017 14:34:07 OfficerCorrupt.py[line:108] INFO [++]process: 73/114
Wed, 18 Jan 2017 14:34:07 OfficerCorrupt.py[line:108] INFO [++]process: 74/114
Wed, 18 Jan 2017 14:34:07 OfficerCorrupt.py[line:108] INFO [++]process: 75/114
Wed, 18 Jan 2017 14:34:07 OfficerCorrupt.py[line:108] INFO [++]process: 76/114
Wed, 18 Jan 2017 14:34:07 OfficerCorrupt.py[line:108] INFO [++]process: 77/114
Wed, 18 Jan 2017 14:34:08 OfficerCorrupt.py[line:108] INFO [++]process: 78/114
Wed, 18 Jan 2017 14:34:08 OfficerCorrupt.py[line:108] INFO [++]process: 79/114
Wed, 18 Jan 2017 14:34:08 OfficerCorrupt.py[line:108] INFO [++]process: 80/114
Wed, 18 Jan 2017 14:34:08 OfficerCorrupt.py[line:108] INFO [++]process: 81/114
Wed, 18 Jan 2017 14:34:08 OfficerCorrupt.py[line:108] INFO [++]process: 82/114
Wed, 18 Jan 2017 14:34:09 OfficerCorrupt.py[line:108] INFO [++]process: 83/114
Wed, 18 Jan 2017 14:34:09 OfficerCorrupt.py[line:108] INFO [++]process: 84/114
Wed, 18 Jan 2017 14:34:09 OfficerCorrupt.py[line:108] INFO [++]process: 85/114
Wed, 18 Jan 2017 14:34:09 OfficerCorrupt.py[line:108] INFO [++]process: 86/114
Wed, 18 Jan 2017 14:34:09 OfficerCorrupt.py[line:108] INFO [++]process: 87/114
Wed, 18 Jan 2017 14:34:10 OfficerCorrupt.py[line:108] INFO [++]process: 88/114
Wed, 18 Jan 2017 14:34:10 OfficerCorrupt.py[line:108] INFO [++]process: 89/114
Wed, 18 Jan 2017 14:34:10 OfficerCorrupt.py[line:108] INFO [++]process: 90/114
Wed, 18 Jan 2017 14:34:10 OfficerCorrupt.py[line:108] INFO [++]process: 91/114
Wed, 18 Jan 2017 14:34:10 OfficerCorrupt.py[line:108] INFO [++]process: 92/114
Wed, 18 Jan 2017 14:34:11 OfficerCorrupt.py[line:108] INFO [++]process: 93/114
Wed, 18 Jan 2017 14:34:11 OfficerCorrupt.py[line:108] INFO [++]process: 94/114
Wed, 18 Jan 2017 14:34:11 OfficerCorrupt.py[line:108] INFO [++]process: 95/114
Wed, 18 Jan 2017 14:34:11 OfficerCorrupt.py[line:108] INFO [++]process: 96/114
Wed, 18 Jan 2017 14:34:11 OfficerCorrupt.py[line:108] INFO [++]process: 97/114
Wed, 18 Jan 2017 14:34:12 OfficerCorrupt.py[line:108] INFO [++]process: 98/114
Wed, 18 Jan 2017 14:34:12 OfficerCorrupt.py[line:108] INFO [++]process: 99/114
Wed, 18 Jan 2017 14:34:12 OfficerCorrupt.py[line:108] INFO [++]process: 100/114
Wed, 18 Jan 2017 14:34:12 OfficerCorrupt.py[line:108] INFO [++]process: 101/114
Wed, 18 Jan 2017 14:34:12 OfficerCorrupt.py[line:108] INFO [++]process: 102/114
Wed, 18 Jan 2017 14:34:13 OfficerCorrupt.py[line:108] INFO [++]process: 103/114
Wed, 18 Jan 2017 14:34:13 OfficerCorrupt.py[line:108] INFO [++]process: 104/114
Wed, 18 Jan 2017 14:34:13 OfficerCorrupt.py[line:108] INFO [++]process: 105/114
Wed, 18 Jan 2017 14:34:13 OfficerCorrupt.py[line:108] INFO [++]process: 106/114
Wed, 18 Jan 2017 14:34:13 OfficerCorrupt.py[line:108] INFO [++]process: 107/114
Wed, 18 Jan 2017 14:34:14 OfficerCorrupt.py[line:108] INFO [++]process: 108/114
Wed, 18 Jan 2017 14:34:14 OfficerCorrupt.py[line:108] INFO [++]process: 109/114
Wed, 18 Jan 2017 14:34:14 OfficerCorrupt.py[line:108] INFO [++]process: 110/114
Wed, 18 Jan 2017 14:34:14 OfficerCorrupt.py[line:108] INFO [++]process: 111/114
Wed, 18 Jan 2017 14:34:14 OfficerCorrupt.py[line:108] INFO [++]process: 112/114
Wed, 18 Jan 2017 14:34:15 OfficerCorrupt.py[line:108] INFO [++]process: 113/114
Wed, 18 Jan 2017 14:34:15 OfficerCorrupt.py[line:46] INFO [+]over
Wed, 18 Jan 2017 14:34:15 OfficerCorrupt.py[line:55] INFO [+]parser the html
Wed, 18 Jan 2017 14:34:15 OfficerCorrupt.py[line:57] INFO [+]push queue
Wed, 18 Jan 2017 14:34:22 OfficerCorrupt.py[line:71] INFO [+]queue time: 7.30162405968(s)	error: 0
Wed, 18 Jan 2017 14:34:22 OfficerCorrupt.py[line:108] INFO [++]process: 0/115
Wed, 18 Jan 2017 14:34:22 OfficerCorrupt.py[line:108] INFO [++]process: 1/115
Wed, 18 Jan 2017 14:34:23 OfficerCorrupt.py[line:108] INFO [++]process: 2/115
Wed, 18 Jan 2017 14:34:23 OfficerCorrupt.py[line:108] INFO [++]process: 3/115
Wed, 18 Jan 2017 14:34:23 OfficerCorrupt.py[line:108] INFO [++]process: 4/115
Wed, 18 Jan 2017 14:34:23 OfficerCorrupt.py[line:108] INFO [++]process: 5/115
Wed, 18 Jan 2017 14:34:23 OfficerCorrupt.py[line:108] INFO [++]process: 6/115
Wed, 18 Jan 2017 14:34:24 OfficerCorrupt.py[line:108] INFO [++]process: 7/115
Wed, 18 Jan 2017 14:34:24 OfficerCorrupt.py[line:108] INFO [++]process: 8/115
Wed, 18 Jan 2017 14:34:24 OfficerCorrupt.py[line:108] INFO [++]process: 9/115
Wed, 18 Jan 2017 14:34:24 OfficerCorrupt.py[line:108] INFO [++]process: 10/115
Wed, 18 Jan 2017 14:34:24 OfficerCorrupt.py[line:108] INFO [++]process: 11/115
Wed, 18 Jan 2017 14:34:25 OfficerCorrupt.py[line:108] INFO [++]process: 12/115
Wed, 18 Jan 2017 14:34:25 OfficerCorrupt.py[line:108] INFO [++]process: 13/115
Wed, 18 Jan 2017 14:34:25 OfficerCorrupt.py[line:108] INFO [++]process: 14/115
Wed, 18 Jan 2017 14:34:25 OfficerCorrupt.py[line:108] INFO [++]process: 15/115
Wed, 18 Jan 2017 14:34:26 OfficerCorrupt.py[line:108] INFO [++]process: 16/115
Wed, 18 Jan 2017 14:34:26 OfficerCorrupt.py[line:108] INFO [++]process: 17/115
Wed, 18 Jan 2017 14:34:26 OfficerCorrupt.py[line:108] INFO [++]process: 18/115
Wed, 18 Jan 2017 14:34:26 OfficerCorrupt.py[line:108] INFO [++]process: 19/115
Wed, 18 Jan 2017 14:34:26 OfficerCorrupt.py[line:108] INFO [++]process: 20/115
Wed, 18 Jan 2017 14:34:27 OfficerCorrupt.py[line:108] INFO [++]process: 21/115
Wed, 18 Jan 2017 14:34:27 OfficerCorrupt.py[line:108] INFO [++]process: 22/115
Wed, 18 Jan 2017 14:34:27 OfficerCorrupt.py[line:108] INFO [++]process: 23/115
Wed, 18 Jan 2017 14:34:27 OfficerCorrupt.py[line:108] INFO [++]process: 24/115
Wed, 18 Jan 2017 14:34:27 OfficerCorrupt.py[line:108] INFO [++]process: 25/115
Wed, 18 Jan 2017 14:34:28 OfficerCorrupt.py[line:108] INFO [++]process: 26/115
Wed, 18 Jan 2017 14:34:28 OfficerCorrupt.py[line:108] INFO [++]process: 27/115
Wed, 18 Jan 2017 14:34:28 OfficerCorrupt.py[line:108] INFO [++]process: 28/115
Wed, 18 Jan 2017 14:34:29 OfficerCorrupt.py[line:108] INFO [++]process: 29/115
Wed, 18 Jan 2017 14:34:29 OfficerCorrupt.py[line:108] INFO [++]process: 30/115
Wed, 18 Jan 2017 14:34:29 OfficerCorrupt.py[line:108] INFO [++]process: 31/115
Wed, 18 Jan 2017 14:34:29 OfficerCorrupt.py[line:108] INFO [++]process: 32/115
Wed, 18 Jan 2017 14:34:29 OfficerCorrupt.py[line:108] INFO [++]process: 33/115
Wed, 18 Jan 2017 14:34:30 OfficerCorrupt.py[line:108] INFO [++]process: 34/115
Wed, 18 Jan 2017 14:34:30 OfficerCorrupt.py[line:108] INFO [++]process: 35/115
Wed, 18 Jan 2017 14:34:30 OfficerCorrupt.py[line:108] INFO [++]process: 36/115
Wed, 18 Jan 2017 14:34:30 OfficerCorrupt.py[line:108] INFO [++]process: 37/115
Wed, 18 Jan 2017 14:34:30 OfficerCorrupt.py[line:108] INFO [++]process: 38/115
Wed, 18 Jan 2017 14:34:31 OfficerCorrupt.py[line:108] INFO [++]process: 39/115
Wed, 18 Jan 2017 14:34:31 OfficerCorrupt.py[line:108] INFO [++]process: 40/115
Wed, 18 Jan 2017 14:34:31 OfficerCorrupt.py[line:108] INFO [++]process: 41/115
Wed, 18 Jan 2017 14:34:31 OfficerCorrupt.py[line:108] INFO [++]process: 42/115
Wed, 18 Jan 2017 14:34:31 OfficerCorrupt.py[line:108] INFO [++]process: 43/115
Wed, 18 Jan 2017 14:34:32 OfficerCorrupt.py[line:108] INFO [++]process: 44/115
Wed, 18 Jan 2017 14:34:32 OfficerCorrupt.py[line:108] INFO [++]process: 45/115
Wed, 18 Jan 2017 14:34:32 OfficerCorrupt.py[line:108] INFO [++]process: 46/115
Wed, 18 Jan 2017 14:34:32 OfficerCorrupt.py[line:108] INFO [++]process: 47/115
Wed, 18 Jan 2017 14:34:32 OfficerCorrupt.py[line:108] INFO [++]process: 48/115
Wed, 18 Jan 2017 14:34:33 OfficerCorrupt.py[line:108] INFO [++]process: 49/115
Wed, 18 Jan 2017 14:34:33 OfficerCorrupt.py[line:108] INFO [++]process: 50/115
Wed, 18 Jan 2017 14:34:33 OfficerCorrupt.py[line:108] INFO [++]process: 51/115
Wed, 18 Jan 2017 14:34:33 OfficerCorrupt.py[line:108] INFO [++]process: 52/115
Wed, 18 Jan 2017 14:34:33 OfficerCorrupt.py[line:108] INFO [++]process: 53/115
Wed, 18 Jan 2017 14:34:34 OfficerCorrupt.py[line:108] INFO [++]process: 54/115
Wed, 18 Jan 2017 14:34:34 OfficerCorrupt.py[line:108] INFO [++]process: 55/115
Wed, 18 Jan 2017 14:34:34 OfficerCorrupt.py[line:108] INFO [++]process: 56/115
Wed, 18 Jan 2017 14:34:34 OfficerCorrupt.py[line:108] INFO [++]process: 57/115
Wed, 18 Jan 2017 14:34:34 OfficerCorrupt.py[line:108] INFO [++]process: 58/115
Wed, 18 Jan 2017 14:34:35 OfficerCorrupt.py[line:108] INFO [++]process: 59/115
Wed, 18 Jan 2017 14:34:35 OfficerCorrupt.py[line:108] INFO [++]process: 60/115
Wed, 18 Jan 2017 14:34:35 OfficerCorrupt.py[line:108] INFO [++]process: 61/115
Wed, 18 Jan 2017 14:34:35 OfficerCorrupt.py[line:108] INFO [++]process: 62/115
Wed, 18 Jan 2017 14:34:36 OfficerCorrupt.py[line:108] INFO [++]process: 63/115
Wed, 18 Jan 2017 14:34:36 OfficerCorrupt.py[line:108] INFO [++]process: 64/115
Wed, 18 Jan 2017 14:34:36 OfficerCorrupt.py[line:108] INFO [++]process: 65/115
Wed, 18 Jan 2017 14:34:36 OfficerCorrupt.py[line:108] INFO [++]process: 66/115
Wed, 18 Jan 2017 14:34:36 OfficerCorrupt.py[line:108] INFO [++]process: 67/115
Wed, 18 Jan 2017 14:34:37 OfficerCorrupt.py[line:108] INFO [++]process: 68/115
Wed, 18 Jan 2017 14:34:37 OfficerCorrupt.py[line:108] INFO [++]process: 69/115
Wed, 18 Jan 2017 14:34:37 OfficerCorrupt.py[line:108] INFO [++]process: 70/115
Wed, 18 Jan 2017 14:34:37 OfficerCorrupt.py[line:108] INFO [++]process: 71/115
Wed, 18 Jan 2017 14:34:37 OfficerCorrupt.py[line:114] WARNING [-]network error	 error url:/201607/t20160704_81954.html
Wed, 18 Jan 2017 14:34:37 OfficerCorrupt.py[line:114] WARNING [-]network error	 error url:/201607/t20160704_81952.html
Wed, 18 Jan 2017 14:34:37 OfficerCorrupt.py[line:114] WARNING [-]network error	 error url:/201607/t20160704_81951.html
Wed, 18 Jan 2017 14:34:37 OfficerCorrupt.py[line:114] WARNING [-]network error	 error url:/201607/t20160704_81949.html
Wed, 18 Jan 2017 14:34:37 OfficerCorrupt.py[line:114] WARNING [-]network error	 error url:/201607/t20160704_81948.html
Wed, 18 Jan 2017 14:34:38 OfficerCorrupt.py[line:114] WARNING [-]network error	 error url:/201607/t20160704_81947.html
Wed, 18 Jan 2017 14:34:38 OfficerCorrupt.py[line:114] WARNING [-]network error	 error url:/201607/t20160704_81946.html
Wed, 18 Jan 2017 14:34:38 OfficerCorrupt.py[line:114] WARNING [-]network error	 error url:/201607/t20160704_81945.html
Wed, 18 Jan 2017 14:34:38 OfficerCorrupt.py[line:114] WARNING [-]network error	 error url:/201607/t20160704_81944.html
