Thu, 12 Jan 2017 22:25:11 OfficerRenmin.py[line:236] WARNING [+]数据未更新	鼓楼区 	福建省福州市鼓楼区委书记	杭东
Thu, 12 Jan 2017 22:25:11 OfficerRenmin.py[line:257] WARNING [+]数据未更新	鼓楼区 	福建省福州市鼓楼区区长	陈斌
Thu, 12 Jan 2017 22:25:12 OfficerRenmin.py[line:236] WARNING [+]数据未更新	台江区 	福建省福州市台江区委书记	张忠
Thu, 12 Jan 2017 22:25:12 OfficerRenmin.py[line:257] WARNING [+]数据未更新	台江区 	福建省福州市台江区区长	陈曾勇
Thu, 12 Jan 2017 22:25:12 OfficerRenmin.py[line:236] WARNING [+]数据未更新	仓山区 	福建省福州市仓山区区委书记	杨新坚
Thu, 12 Jan 2017 22:25:12 OfficerRenmin.py[line:257] WARNING [+]数据未更新	仓山区 	福建省福州市仓山区代区长	梁栋
Thu, 12 Jan 2017 22:25:12 OfficerRenmin.py[line:236] WARNING [+]数据未更新	马尾区 	福建省福州市马尾区委书记	林飞
Thu, 12 Jan 2017 22:25:12 OfficerRenmin.py[line:257] WARNING [+]数据未更新	马尾区 	福建省福州市马尾区区长	许毅青
Thu, 12 Jan 2017 22:25:13 OfficerRenmin.py[line:236] WARNING [+]数据未更新	晋安区 	福建省福州市晋安区委书记	林峰
Thu, 12 Jan 2017 22:25:13 OfficerRenmin.py[line:257] WARNING [+]数据未更新	晋安区 	福建省福州市晋安区代区长	朱训志
Thu, 12 Jan 2017 22:25:13 OfficerRenmin.py[line:236] WARNING [+]数据未更新	闽侯县 	福建省福州市闽侯县委书记	赵学峰
Thu, 12 Jan 2017 22:25:13 OfficerRenmin.py[line:257] WARNING [+]数据未更新	闽侯县 	福建省福州市闽侯县长	严金官
Thu, 12 Jan 2017 22:25:14 OfficerRenmin.py[line:236] WARNING [+]数据未更新	连江县 	福建省福州市连江县委书记	关瑞祺
Thu, 12 Jan 2017 22:25:14 OfficerRenmin.py[line:257] WARNING [+]数据未更新	连江县 	福建省福州市连江县长	周应忠
Thu, 12 Jan 2017 22:25:15 OfficerRenmin.py[line:236] WARNING [+]数据未更新	罗源县 	福建省福州市罗源县委书记	吴兰铮
Thu, 12 Jan 2017 22:25:15 OfficerRenmin.py[line:257] WARNING [+]数据未更新	罗源县 	福建省福州市罗源县长	邓达木
Thu, 12 Jan 2017 22:25:15 OfficerRenmin.py[line:236] WARNING [+]数据未更新	闽清县 	福建省福州市闽清县委书记	陈铁晗
Thu, 12 Jan 2017 22:25:15 OfficerRenmin.py[line:257] WARNING [+]数据未更新	闽清县 	福建省福州市闽清县县长候选人	陈忠霖
Thu, 12 Jan 2017 22:25:16 OfficerRenmin.py[line:236] WARNING [+]数据未更新	永泰县 	福建省福州市永泰县委书记	林强
Thu, 12 Jan 2017 22:25:16 OfficerRenmin.py[line:257] WARNING [+]数据未更新	永泰县 	福建省福州市永泰县县长	蔡福勇
Thu, 12 Jan 2017 22:25:17 OfficerRenmin.py[line:236] WARNING [+]数据未更新	平潭县 	福建省福州市平潭县委书记、县长	林杰
Thu, 12 Jan 2017 22:25:17 OfficerRenmin.py[line:257] WARNING [+]数据未更新	平潭县 	福建省福州市平潭县委书记、县长	林杰
Thu, 12 Jan 2017 22:25:17 OfficerRenmin.py[line:236] WARNING [+]数据未更新	福清市 	福建省福州市福清市委书记	王进足
Thu, 12 Jan 2017 22:25:17 OfficerRenmin.py[line:257] WARNING [+]数据未更新	福清市 	福建省福州市福清市代市长	张帆
Thu, 12 Jan 2017 22:25:18 OfficerRenmin.py[line:236] WARNING [+]数据未更新	长乐市 	福建省福州市长乐市委书记	许南吉
Thu, 12 Jan 2017 22:25:18 OfficerRenmin.py[line:257] WARNING [+]数据未更新	长乐市 	福建省福州市长乐市代市长	蔡劲松
Thu, 12 Jan 2017 22:25:19 OfficerRenmin.py[line:236] WARNING [+]数据未更新	思明区 	福建省厦门市思明区委书记	游文昌
Thu, 12 Jan 2017 22:25:19 OfficerRenmin.py[line:257] WARNING [+]数据未更新	思明区 	福建省厦门市思明区长	黄乔生
